[debug] [2022-09-13T23:51:54.509Z] ----------------------------------------------------------------------
[debug] [2022-09-13T23:51:54.511Z] Command:       C:\athlas_sdk\nodejs\node.exe C:\Users\hbender\AppData\Roaming\npm\node_modules\firebase-tools\lib\bin\firebase.js projects:list
[debug] [2022-09-13T23:51:54.511Z] CLI Version:   11.9.0
[debug] [2022-09-13T23:51:54.511Z] Platform:      win32
[debug] [2022-09-13T23:51:54.512Z] Node Version:  v16.13.1
[debug] [2022-09-13T23:51:54.513Z] Time:          Wed Sep 14 2022 01:51:54 GMT+0200 (hora de verano de Europa central)
[debug] [2022-09-13T23:51:54.513Z] ----------------------------------------------------------------------
[debug] 
[debug] [2022-09-13T23:51:54.521Z] > command requires scopes: ["email","openid","https://www.googleapis.com/auth/cloudplatformprojects.readonly","https://www.googleapis.com/auth/firebase","https://www.googleapis.com/auth/cloud-platform"]
[debug] [2022-09-13T23:51:54.521Z] > authorizing via signed-in user (benderhugo@gmail.com)
[debug] [2022-09-13T23:51:54.525Z] > refreshing access token with scopes: []
[debug] [2022-09-13T23:51:54.527Z] >>> [apiv2][query] POST https://www.googleapis.com/oauth2/v3/token [none]
[debug] [2022-09-13T23:51:54.528Z] >>> [apiv2][body] POST https://www.googleapis.com/oauth2/v3/token [omitted]
[debug] [2022-09-13T23:51:54.672Z] <<< [apiv2][status] POST https://www.googleapis.com/oauth2/v3/token 400
[debug] [2022-09-13T23:51:54.672Z] <<< [apiv2][body] POST https://www.googleapis.com/oauth2/v3/token [omitted]
[debug] [2022-09-13T23:51:54.673Z] >>> [apiv2][query] GET https://firebase.googleapis.com/v1beta1/projects pageSize=1000
[debug] [2022-09-13T23:51:54.776Z] <<< [apiv2][status] GET https://firebase.googleapis.com/v1beta1/projects 401
[debug] [2022-09-13T23:51:54.776Z] <<< [apiv2][body] GET https://firebase.googleapis.com/v1beta1/projects [omitted]
[debug] [2022-09-13T23:51:54.777Z] HTTP Error: 401, Request had invalid authentication credentials. Expected OAuth 2 access token, login cookie or other valid authentication credential. See https://developers.google.com/identity/sign-in/web/devconsole-project.
[debug] [2022-09-13T23:51:54.885Z] FirebaseError: HTTP Error: 401, Request had invalid authentication credentials. Expected OAuth 2 access token, login cookie or other valid authentication credential. See https://developers.google.com/identity/sign-in/web/devconsole-project.
    at responseToError (C:\Users\hbender\AppData\Roaming\npm\node_modules\firebase-tools\lib\responseToError.js:49:12)
    at RetryOperation._fn (C:\Users\hbender\AppData\Roaming\npm\node_modules\firebase-tools\lib\apiv2.js:288:77)
    at processTicksAndRejections (node:internal/process/task_queues:96:5)
[error] 
[error] Error: Failed to list Firebase projects. See firebase-debug.log for more info.
